#-----------------------------------------------------------
# Vivado v2020.2 (64-bit)
# SW Build 3064766 on Wed Nov 18 09:12:45 MST 2020
# IP Build 3064653 on Wed Nov 18 14:17:31 MST 2020
# Start of session at: Thu Mar 30 13:26:45 2023
# Process ID: 10632
# Current directory: C:/Users/240173/digital-electronics-1/08-traffic_lights/traffic
# Command line: vivado.exe -gui_launcher_event rodinguilauncherevent3468 C:\Users\240173\digital-electronics-1\08-traffic_lights\traffic\traffic.xpr
# Log file: C:/Users/240173/digital-electronics-1/08-traffic_lights/traffic/vivado.log
# Journal file: C:/Users/240173/digital-electronics-1/08-traffic_lights/traffic\vivado.jou
#-----------------------------------------------------------
start_gui
open_project C:/Users/240173/digital-electronics-1/08-traffic_lights/traffic/traffic.xpr
INFO: [Project 1-313] Project file moved from 'C:/Users/240173/digital-electronics-1/traffic' since last save.
WARNING: [filemgmt 56-2] Default IP Output Path : Could not find the directory 'C:/Users/240173/digital-electronics-1/08-traffic_lights/traffic/traffic.gen/sources_1', nor could it be found using path 'C:/Users/240173/digital-electronics-1/traffic/traffic.gen/sources_1'.
Scanning sources...
Finished scanning sources
INFO: [IP_Flow 19-234] Refreshing IP repositories
INFO: [IP_Flow 19-1704] No user IP repositories specified
INFO: [IP_Flow 19-2313] Loaded Vivado IP repository 'C:/appz/Xilinx/Vivado/2020.2/data/ip'.
update_compile_order -fileset sources_1
add_files -norecurse C:/Users/240173/digital-electronics-1/08-traffic_lights/traffic/traffic.srcs/sources_1/new/clock_enable.vhd
update_compile_order -fileset sources_1
update_compile_order -fileset sources_1
update_compile_order -fileset sources_1
update_compile_order -fileset sources_1
update_compile_order -fileset sources_1
update_compile_order -fileset sources_1
update_compile_order -fileset sources_1
update_compile_order -fileset sources_1
update_compile_order -fileset sources_1
update_compile_order -fileset sources_1
update_compile_order -fileset sources_1
update_compile_order -fileset sources_1
update_compile_order -fileset sources_1
update_compile_order -fileset sources_1
update_compile_order -fileset sources_1
update_compile_order -fileset sources_1
file mkdir C:/Users/240173/digital-electronics-1/08-traffic_lights/traffic/traffic.srcs/sim_1/new
set_property SOURCE_SET sources_1 [get_filesets sim_1]
close [ open C:/Users/240173/digital-electronics-1/08-traffic_lights/traffic/traffic.srcs/sim_1/new/tb_tlc.vhd w ]
add_files -fileset sim_1 C:/Users/240173/digital-electronics-1/08-traffic_lights/traffic/traffic.srcs/sim_1/new/tb_tlc.vhd
update_compile_order -fileset sim_1
update_compile_order -fileset sim_1
set_property -name {xsim.simulate.runtime} -value {2000ns} -objects [get_filesets sim_1]
WARNING: [filemgmt 56-199] Attempt to get parsing info during refresh. "On-the-fly" syntax checking information may be incorrect. [C:\Users\240173\digital-electronics-1\08-traffic_lights\traffic\traffic.srcs\sources_1\new\tlc.vhd:]
WARNING: [filemgmt 56-199] Attempt to get parsing info during refresh. "On-the-fly" syntax checking information may be incorrect. [C:\Users\240173\digital-electronics-1\08-traffic_lights\traffic\traffic.srcs\sources_1\new\clock_enable.vhd:]
WARNING: [filemgmt 56-199] Attempt to get parsing info during refresh. "On-the-fly" syntax checking information may be incorrect. [C:\Users\240173\digital-electronics-1\08-traffic_lights\traffic\traffic.srcs\sim_1\new\tb_tlc.vhd:]
WARNING: [filemgmt 56-199] Attempt to get parsing info during refresh. "On-the-fly" syntax checking information may be incorrect. [C:\Users\240173\digital-electronics-1\08-traffic_lights\traffic\traffic.srcs\sources_1\new\tlc.vhd:]
WARNING: [filemgmt 56-199] Attempt to get parsing info during refresh. "On-the-fly" syntax checking information may be incorrect. [C:\Users\240173\digital-electronics-1\08-traffic_lights\traffic\traffic.srcs\sources_1\new\clock_enable.vhd:]
WARNING: [filemgmt 56-199] Attempt to get parsing info during refresh. "On-the-fly" syntax checking information may be incorrect. [C:\Users\240173\digital-electronics-1\08-traffic_lights\traffic\traffic.srcs\sim_1\new\tb_tlc.vhd:]
launch_simulation
Command: launch_simulation 
INFO: [Vivado 12-5682] Launching behavioral simulation in 'C:/Users/240173/digital-electronics-1/08-traffic_lights/traffic/traffic.sim/sim_1/behav/xsim'
INFO: [SIM-utils-51] Simulation object is 'sim_1'
INFO: [SIM-utils-54] Inspecting design source files for 'tb_tlc' in fileset 'sim_1'...
INFO: [USF-XSim-97] Finding global include files...
INFO: [USF-XSim-98] Fetching design files from 'sim_1'...
INFO: [USF-XSim-2] XSim::Compile design
INFO: [USF-XSim-61] Executing 'COMPILE and ANALYZE' step in 'C:/Users/240173/digital-electronics-1/08-traffic_lights/traffic/traffic.sim/sim_1/behav/xsim'
"xvhdl --incr --relax -prj tb_tlc_vhdl.prj"
INFO: [VRFC 10-163] Analyzing VHDL file "C:/Users/240173/digital-electronics-1/08-traffic_lights/traffic/traffic.srcs/sources_1/new/clock_enable.vhd" into library xil_defaultlib
INFO: [VRFC 10-3107] analyzing entity 'clock_enable'
INFO: [VRFC 10-163] Analyzing VHDL file "C:/Users/240173/digital-electronics-1/08-traffic_lights/traffic/traffic.srcs/sources_1/new/tlc.vhd" into library xil_defaultlib
INFO: [VRFC 10-3107] analyzing entity 'tlc'
INFO: [VRFC 10-163] Analyzing VHDL file "C:/Users/240173/digital-electronics-1/08-traffic_lights/traffic/traffic.srcs/sim_1/new/tb_tlc.vhd" into library xil_defaultlib
INFO: [VRFC 10-3107] analyzing entity 'tb_tlc'
INFO: [USF-XSim-69] 'compile' step finished in '1' seconds
INFO: [USF-XSim-3] XSim::Elaborate design
INFO: [USF-XSim-61] Executing 'ELABORATE' step in 'C:/Users/240173/digital-electronics-1/08-traffic_lights/traffic/traffic.sim/sim_1/behav/xsim'
"xelab -wto 72956dd3de514373b7221da7d3e85870 --incr --debug typical --relax --mt 2 -L xil_defaultlib -L secureip --snapshot tb_tlc_behav xil_defaultlib.tb_tlc -log elaborate.log"
Vivado Simulator 2020.2
Copyright 1986-1999, 2001-2020 Xilinx, Inc. All Rights Reserved.
Running: C:/appz/Xilinx/Vivado/2020.2/bin/unwrapped/win64.o/xelab.exe -wto 72956dd3de514373b7221da7d3e85870 --incr --debug typical --relax --mt 2 -L xil_defaultlib -L secureip --snapshot tb_tlc_behav xil_defaultlib.tb_tlc -log elaborate.log 
Using 2 slave threads.
Starting static elaboration
Completed static elaboration
Starting simulation data flow analysis
Completed simulation data flow analysis
Time Resolution for simulation is 1ps
Compiling package std.standard
Compiling package std.textio
Compiling package ieee.std_logic_1164
Compiling package ieee.numeric_std
Compiling architecture behavioral of entity xil_defaultlib.clock_enable [\clock_enable(g_max=1)\]
Compiling architecture behavioral of entity xil_defaultlib.tlc [tlc_default]
Compiling architecture testbench of entity xil_defaultlib.tb_tlc
Built simulation snapshot tb_tlc_behav

****** Webtalk v2020.2 (64-bit)
  **** SW Build 3064766 on Wed Nov 18 09:12:45 MST 2020
  **** IP Build 3064653 on Wed Nov 18 14:17:31 MST 2020
    ** Copyright 1986-2020 Xilinx, Inc. All Rights Reserved.

source C:/Users/240173/digital-electronics-1/08-traffic_lights/traffic/traffic.sim/sim_1/behav/xsim/xsim.dir/tb_tlc_behav/webtalk/xsim_webtalk.tcl -notrace
INFO: [Common 17-186] 'C:/Users/240173/digital-electronics-1/08-traffic_lights/traffic/traffic.sim/sim_1/behav/xsim/xsim.dir/tb_tlc_behav/webtalk/usage_statistics_ext_xsim.xml' has been successfully sent to Xilinx on Thu Mar 30 13:47:45 2023. For additional details about this file, please refer to the WebTalk help file at C:/appz/Xilinx/Vivado/2020.2/doc/webtalk_introduction.html.
INFO: [Common 17-206] Exiting Webtalk at Thu Mar 30 13:47:45 2023...
run_program: Time (s): cpu = 00:00:00 ; elapsed = 00:00:06 . Memory (MB): peak = 998.746 ; gain = 0.000
INFO: [USF-XSim-69] 'elaborate' step finished in '6' seconds
INFO: [USF-XSim-4] XSim::Simulate design
INFO: [USF-XSim-61] Executing 'SIMULATE' step in 'C:/Users/240173/digital-electronics-1/08-traffic_lights/traffic/traffic.sim/sim_1/behav/xsim'
INFO: [USF-XSim-98] *** Running xsim
   with args "tb_tlc_behav -key {Behavioral:sim_1:Functional:tb_tlc} -tclbatch {tb_tlc.tcl} -log {simulate.log}"
INFO: [USF-XSim-8] Loading simulator feature
Vivado Simulator 2020.2
Time resolution is 1 ps
source tb_tlc.tcl
# set curr_wave [current_wave_config]
# if { [string length $curr_wave] == 0 } {
#   if { [llength [get_objects]] > 0} {
#     add_wave /
#     set_property needs_save false [current_wave_config]
#   } else {
#      send_msg_id Add_Wave-1 WARNING "No top level signals found. Simulator will start without a wave window. If you want to open a wave window go to 'File->New Waveform Configuration' or type 'create_wave_config' in the TCL console."
#   }
# }
# run 2000ns
Note: Stimulus process started
Time: 0 ps  Iteration: 0  Process: /tb_tlc/p_stimulus  File: C:/Users/240173/digital-electronics-1/08-traffic_lights/traffic/traffic.srcs/sim_1/new/tb_tlc.vhd
Note: Stimulus process finished
Time: 0 ps  Iteration: 0  Process: /tb_tlc/p_stimulus  File: C:/Users/240173/digital-electronics-1/08-traffic_lights/traffic/traffic.srcs/sim_1/new/tb_tlc.vhd
INFO: [USF-XSim-96] XSim completed. Design snapshot 'tb_tlc_behav' loaded.
INFO: [USF-XSim-97] XSim simulation ran for 2000ns
launch_simulation: Time (s): cpu = 00:00:06 ; elapsed = 00:00:11 . Memory (MB): peak = 998.746 ; gain = 0.000
current_wave_config {Untitled 1}
Untitled 1
add_wave {{/tb_tlc/uut_tlc/sig_state}} 
relaunch_sim
suspend_sim: Time (s): cpu = 00:00:00 ; elapsed = 00:00:05 . Memory (MB): peak = 998.746 ; gain = 0.000
Command: launch_simulation -simset sim_1 -mode behavioral
INFO: [Vivado 12-5682] Launching behavioral simulation in 'C:/Users/240173/digital-electronics-1/08-traffic_lights/traffic/traffic.sim/sim_1/behav/xsim'
INFO: [SIM-utils-51] Simulation object is 'sim_1'
INFO: [SIM-utils-54] Inspecting design source files for 'tb_tlc' in fileset 'sim_1'...
INFO: [USF-XSim-97] Finding global include files...
INFO: [USF-XSim-98] Fetching design files from 'sim_1'...
INFO: [USF-XSim-2] XSim::Compile design
INFO: [USF-XSim-61] Executing 'COMPILE and ANALYZE' step in 'C:/Users/240173/digital-electronics-1/08-traffic_lights/traffic/traffic.sim/sim_1/behav/xsim'
"xvhdl --incr --relax -prj tb_tlc_vhdl.prj"
INFO: [USF-XSim-69] 'compile' step finished in '1' seconds
Command: launch_simulation -simset sim_1 -mode behavioral
INFO: [Vivado 12-5682] Launching behavioral simulation in 'C:/Users/240173/digital-electronics-1/08-traffic_lights/traffic/traffic.sim/sim_1/behav/xsim'
INFO: [USF-XSim-3] XSim::Elaborate design
INFO: [USF-XSim-61] Executing 'ELABORATE' step in 'C:/Users/240173/digital-electronics-1/08-traffic_lights/traffic/traffic.sim/sim_1/behav/xsim'
"xelab -wto 72956dd3de514373b7221da7d3e85870 --incr --debug typical --relax --mt 2 -L xil_defaultlib -L secureip --snapshot tb_tlc_behav xil_defaultlib.tb_tlc -log elaborate.log"
Vivado Simulator 2020.2
Copyright 1986-1999, 2001-2020 Xilinx, Inc. All Rights Reserved.
Running: C:/appz/Xilinx/Vivado/2020.2/bin/unwrapped/win64.o/xelab.exe -wto 72956dd3de514373b7221da7d3e85870 --incr --debug typical --relax --mt 2 -L xil_defaultlib -L secureip --snapshot tb_tlc_behav xil_defaultlib.tb_tlc -log elaborate.log 
Using 2 slave threads.
Starting static elaboration
Completed static elaboration
INFO: [XSIM 43-4323] No Change in HDL. Linking previously generated obj files to create kernel
INFO: [USF-XSim-69] 'elaborate' step finished in '2' seconds
Vivado Simulator 2020.2
Time resolution is 1 ps
Note: Stimulus process started
Time: 0 ps  Iteration: 0  Process: /tb_tlc/p_stimulus  File: C:/Users/240173/digital-electronics-1/08-traffic_lights/traffic/traffic.srcs/sim_1/new/tb_tlc.vhd
Note: Stimulus process finished
Time: 0 ps  Iteration: 0  Process: /tb_tlc/p_stimulus  File: C:/Users/240173/digital-electronics-1/08-traffic_lights/traffic/traffic.srcs/sim_1/new/tb_tlc.vhd
relaunch_sim: Time (s): cpu = 00:00:00 ; elapsed = 00:00:09 . Memory (MB): peak = 998.746 ; gain = 0.000
relaunch_sim
Command: launch_simulation -simset sim_1 -mode behavioral
INFO: [Vivado 12-5682] Launching behavioral simulation in 'C:/Users/240173/digital-electronics-1/08-traffic_lights/traffic/traffic.sim/sim_1/behav/xsim'
INFO: [SIM-utils-51] Simulation object is 'sim_1'
INFO: [SIM-utils-54] Inspecting design source files for 'tb_tlc' in fileset 'sim_1'...
INFO: [USF-XSim-97] Finding global include files...
INFO: [USF-XSim-98] Fetching design files from 'sim_1'...
INFO: [USF-XSim-2] XSim::Compile design
INFO: [USF-XSim-61] Executing 'COMPILE and ANALYZE' step in 'C:/Users/240173/digital-electronics-1/08-traffic_lights/traffic/traffic.sim/sim_1/behav/xsim'
"xvhdl --incr --relax -prj tb_tlc_vhdl.prj"
INFO: [VRFC 10-163] Analyzing VHDL file "C:/Users/240173/digital-electronics-1/08-traffic_lights/traffic/traffic.srcs/sources_1/new/tlc.vhd" into library xil_defaultlib
INFO: [VRFC 10-3107] analyzing entity 'tlc'
INFO: [VRFC 10-163] Analyzing VHDL file "C:/Users/240173/digital-electronics-1/08-traffic_lights/traffic/traffic.srcs/sim_1/new/tb_tlc.vhd" into library xil_defaultlib
INFO: [VRFC 10-3107] analyzing entity 'tb_tlc'
INFO: [USF-XSim-69] 'compile' step finished in '2' seconds
Command: launch_simulation -simset sim_1 -mode behavioral
INFO: [Vivado 12-5682] Launching behavioral simulation in 'C:/Users/240173/digital-electronics-1/08-traffic_lights/traffic/traffic.sim/sim_1/behav/xsim'
INFO: [USF-XSim-3] XSim::Elaborate design
INFO: [USF-XSim-61] Executing 'ELABORATE' step in 'C:/Users/240173/digital-electronics-1/08-traffic_lights/traffic/traffic.sim/sim_1/behav/xsim'
"xelab -wto 72956dd3de514373b7221da7d3e85870 --incr --debug typical --relax --mt 2 -L xil_defaultlib -L secureip --snapshot tb_tlc_behav xil_defaultlib.tb_tlc -log elaborate.log"
Vivado Simulator 2020.2
Copyright 1986-1999, 2001-2020 Xilinx, Inc. All Rights Reserved.
Running: C:/appz/Xilinx/Vivado/2020.2/bin/unwrapped/win64.o/xelab.exe -wto 72956dd3de514373b7221da7d3e85870 --incr --debug typical --relax --mt 2 -L xil_defaultlib -L secureip --snapshot tb_tlc_behav xil_defaultlib.tb_tlc -log elaborate.log 
Using 2 slave threads.
Starting static elaboration
Completed static elaboration
Starting simulation data flow analysis
Completed simulation data flow analysis
Time Resolution for simulation is 1ps
Compiling package std.standard
Compiling package std.textio
Compiling package ieee.std_logic_1164
Compiling package ieee.numeric_std
Compiling architecture behavioral of entity xil_defaultlib.clock_enable [\clock_enable(g_max=25000000)\]
Compiling architecture behavioral of entity xil_defaultlib.tlc [tlc_default]
Compiling architecture testbench of entity xil_defaultlib.tb_tlc
Built simulation snapshot tb_tlc_behav
INFO: [USF-XSim-69] 'elaborate' step finished in '1' seconds
Vivado Simulator 2020.2
Time resolution is 1 ps
Note: Stimulus process started
Time: 0 ps  Iteration: 0  Process: /tb_tlc/p_stimulus  File: C:/Users/240173/digital-electronics-1/08-traffic_lights/traffic/traffic.srcs/sim_1/new/tb_tlc.vhd
Note: Stimulus process finished
Time: 0 ps  Iteration: 0  Process: /tb_tlc/p_stimulus  File: C:/Users/240173/digital-electronics-1/08-traffic_lights/traffic/traffic.srcs/sim_1/new/tb_tlc.vhd
relaunch_sim: Time (s): cpu = 00:00:01 ; elapsed = 00:00:06 . Memory (MB): peak = 1357.848 ; gain = 0.000
close_sim
INFO: [Simtcl 6-16] Simulation closed
launch_simulation
Command: launch_simulation 
INFO: [Vivado 12-5682] Launching behavioral simulation in 'C:/Users/240173/digital-electronics-1/08-traffic_lights/traffic/traffic.sim/sim_1/behav/xsim'
INFO: [SIM-utils-51] Simulation object is 'sim_1'
INFO: [SIM-utils-54] Inspecting design source files for 'tb_tlc' in fileset 'sim_1'...
INFO: [USF-XSim-97] Finding global include files...
INFO: [USF-XSim-98] Fetching design files from 'sim_1'...
INFO: [USF-XSim-2] XSim::Compile design
INFO: [USF-XSim-61] Executing 'COMPILE and ANALYZE' step in 'C:/Users/240173/digital-electronics-1/08-traffic_lights/traffic/traffic.sim/sim_1/behav/xsim'
"xvhdl --incr --relax -prj tb_tlc_vhdl.prj"
INFO: [USF-XSim-69] 'compile' step finished in '2' seconds
INFO: [USF-XSim-3] XSim::Elaborate design
INFO: [USF-XSim-61] Executing 'ELABORATE' step in 'C:/Users/240173/digital-electronics-1/08-traffic_lights/traffic/traffic.sim/sim_1/behav/xsim'
"xelab -wto 72956dd3de514373b7221da7d3e85870 --incr --debug typical --relax --mt 2 -L xil_defaultlib -L secureip --snapshot tb_tlc_behav xil_defaultlib.tb_tlc -log elaborate.log"
Vivado Simulator 2020.2
Copyright 1986-1999, 2001-2020 Xilinx, Inc. All Rights Reserved.
Running: C:/appz/Xilinx/Vivado/2020.2/bin/unwrapped/win64.o/xelab.exe -wto 72956dd3de514373b7221da7d3e85870 --incr --debug typical --relax --mt 2 -L xil_defaultlib -L secureip --snapshot tb_tlc_behav xil_defaultlib.tb_tlc -log elaborate.log 
Using 2 slave threads.
Starting static elaboration
Completed static elaboration
INFO: [XSIM 43-4323] No Change in HDL. Linking previously generated obj files to create kernel
INFO: [USF-XSim-69] 'elaborate' step finished in '1' seconds
INFO: [USF-XSim-4] XSim::Simulate design
INFO: [USF-XSim-61] Executing 'SIMULATE' step in 'C:/Users/240173/digital-electronics-1/08-traffic_lights/traffic/traffic.sim/sim_1/behav/xsim'
INFO: [USF-XSim-98] *** Running xsim
   with args "tb_tlc_behav -key {Behavioral:sim_1:Functional:tb_tlc} -tclbatch {tb_tlc.tcl} -log {simulate.log}"
INFO: [USF-XSim-8] Loading simulator feature
Vivado Simulator 2020.2
Time resolution is 1 ps
source tb_tlc.tcl
# set curr_wave [current_wave_config]
# if { [string length $curr_wave] == 0 } {
#   if { [llength [get_objects]] > 0} {
#     add_wave /
#     set_property needs_save false [current_wave_config]
#   } else {
#      send_msg_id Add_Wave-1 WARNING "No top level signals found. Simulator will start without a wave window. If you want to open a wave window go to 'File->New Waveform Configuration' or type 'create_wave_config' in the TCL console."
#   }
# }
# run 2000ns
Note: Stimulus process started
Time: 0 ps  Iteration: 0  Process: /tb_tlc/p_stimulus  File: C:/Users/240173/digital-electronics-1/08-traffic_lights/traffic/traffic.srcs/sim_1/new/tb_tlc.vhd
Note: Stimulus process finished
Time: 0 ps  Iteration: 0  Process: /tb_tlc/p_stimulus  File: C:/Users/240173/digital-electronics-1/08-traffic_lights/traffic/traffic.srcs/sim_1/new/tb_tlc.vhd
INFO: [USF-XSim-96] XSim completed. Design snapshot 'tb_tlc_behav' loaded.
INFO: [USF-XSim-97] XSim simulation ran for 2000ns
close_sim
INFO: [Simtcl 6-16] Simulation closed
launch_simulation
Command: launch_simulation 
INFO: [Vivado 12-5682] Launching behavioral simulation in 'C:/Users/240173/digital-electronics-1/08-traffic_lights/traffic/traffic.sim/sim_1/behav/xsim'
INFO: [SIM-utils-51] Simulation object is 'sim_1'
INFO: [SIM-utils-54] Inspecting design source files for 'tb_tlc' in fileset 'sim_1'...
INFO: [USF-XSim-97] Finding global include files...
INFO: [USF-XSim-98] Fetching design files from 'sim_1'...
INFO: [USF-XSim-2] XSim::Compile design
INFO: [USF-XSim-61] Executing 'COMPILE and ANALYZE' step in 'C:/Users/240173/digital-electronics-1/08-traffic_lights/traffic/traffic.sim/sim_1/behav/xsim'
"xvhdl --incr --relax -prj tb_tlc_vhdl.prj"
INFO: [VRFC 10-163] Analyzing VHDL file "C:/Users/240173/digital-electronics-1/08-traffic_lights/traffic/traffic.srcs/sources_1/new/tlc.vhd" into library xil_defaultlib
INFO: [VRFC 10-3107] analyzing entity 'tlc'
INFO: [VRFC 10-163] Analyzing VHDL file "C:/Users/240173/digital-electronics-1/08-traffic_lights/traffic/traffic.srcs/sim_1/new/tb_tlc.vhd" into library xil_defaultlib
INFO: [VRFC 10-3107] analyzing entity 'tb_tlc'
INFO: [USF-XSim-69] 'compile' step finished in '1' seconds
INFO: [USF-XSim-3] XSim::Elaborate design
INFO: [USF-XSim-61] Executing 'ELABORATE' step in 'C:/Users/240173/digital-electronics-1/08-traffic_lights/traffic/traffic.sim/sim_1/behav/xsim'
"xelab -wto 72956dd3de514373b7221da7d3e85870 --incr --debug typical --relax --mt 2 -L xil_defaultlib -L secureip --snapshot tb_tlc_behav xil_defaultlib.tb_tlc -log elaborate.log"
Vivado Simulator 2020.2
Copyright 1986-1999, 2001-2020 Xilinx, Inc. All Rights Reserved.
Running: C:/appz/Xilinx/Vivado/2020.2/bin/unwrapped/win64.o/xelab.exe -wto 72956dd3de514373b7221da7d3e85870 --incr --debug typical --relax --mt 2 -L xil_defaultlib -L secureip --snapshot tb_tlc_behav xil_defaultlib.tb_tlc -log elaborate.log 
Using 2 slave threads.
Starting static elaboration
Completed static elaboration
Starting simulation data flow analysis
Completed simulation data flow analysis
Time Resolution for simulation is 1ps
Compiling package std.standard
Compiling package std.textio
Compiling package ieee.std_logic_1164
Compiling package ieee.numeric_std
Compiling architecture behavioral of entity xil_defaultlib.clock_enable [\clock_enable(g_max=1)\]
Compiling architecture behavioral of entity xil_defaultlib.tlc [tlc_default]
Compiling architecture testbench of entity xil_defaultlib.tb_tlc
Built simulation snapshot tb_tlc_behav
INFO: [USF-XSim-69] 'elaborate' step finished in '2' seconds
INFO: [USF-XSim-4] XSim::Simulate design
INFO: [USF-XSim-61] Executing 'SIMULATE' step in 'C:/Users/240173/digital-electronics-1/08-traffic_lights/traffic/traffic.sim/sim_1/behav/xsim'
INFO: [USF-XSim-98] *** Running xsim
   with args "tb_tlc_behav -key {Behavioral:sim_1:Functional:tb_tlc} -tclbatch {tb_tlc.tcl} -log {simulate.log}"
INFO: [USF-XSim-8] Loading simulator feature
Vivado Simulator 2020.2
Time resolution is 1 ps
source tb_tlc.tcl
# set curr_wave [current_wave_config]
# if { [string length $curr_wave] == 0 } {
#   if { [llength [get_objects]] > 0} {
#     add_wave /
#     set_property needs_save false [current_wave_config]
#   } else {
#      send_msg_id Add_Wave-1 WARNING "No top level signals found. Simulator will start without a wave window. If you want to open a wave window go to 'File->New Waveform Configuration' or type 'create_wave_config' in the TCL console."
#   }
# }
# run 2000ns
Note: Stimulus process started
Time: 0 ps  Iteration: 0  Process: /tb_tlc/p_stimulus  File: C:/Users/240173/digital-electronics-1/08-traffic_lights/traffic/traffic.srcs/sim_1/new/tb_tlc.vhd
Note: Stimulus process finished
Time: 0 ps  Iteration: 0  Process: /tb_tlc/p_stimulus  File: C:/Users/240173/digital-electronics-1/08-traffic_lights/traffic/traffic.srcs/sim_1/new/tb_tlc.vhd
INFO: [USF-XSim-96] XSim completed. Design snapshot 'tb_tlc_behav' loaded.
INFO: [USF-XSim-97] XSim simulation ran for 2000ns
current_wave_config {Untitled 3}
Untitled 3
add_wave {{/tb_tlc/uut_tlc/sig_state}} 
relaunch_sim
Command: launch_simulation -simset sim_1 -mode behavioral
INFO: [Vivado 12-5682] Launching behavioral simulation in 'C:/Users/240173/digital-electronics-1/08-traffic_lights/traffic/traffic.sim/sim_1/behav/xsim'
INFO: [SIM-utils-51] Simulation object is 'sim_1'
INFO: [SIM-utils-54] Inspecting design source files for 'tb_tlc' in fileset 'sim_1'...
INFO: [USF-XSim-97] Finding global include files...
INFO: [USF-XSim-98] Fetching design files from 'sim_1'...
INFO: [USF-XSim-2] XSim::Compile design
INFO: [USF-XSim-61] Executing 'COMPILE and ANALYZE' step in 'C:/Users/240173/digital-electronics-1/08-traffic_lights/traffic/traffic.sim/sim_1/behav/xsim'
"xvhdl --incr --relax -prj tb_tlc_vhdl.prj"
INFO: [USF-XSim-69] 'compile' step finished in '1' seconds
Command: launch_simulation -simset sim_1 -mode behavioral
INFO: [Vivado 12-5682] Launching behavioral simulation in 'C:/Users/240173/digital-electronics-1/08-traffic_lights/traffic/traffic.sim/sim_1/behav/xsim'
INFO: [USF-XSim-3] XSim::Elaborate design
INFO: [USF-XSim-61] Executing 'ELABORATE' step in 'C:/Users/240173/digital-electronics-1/08-traffic_lights/traffic/traffic.sim/sim_1/behav/xsim'
"xelab -wto 72956dd3de514373b7221da7d3e85870 --incr --debug typical --relax --mt 2 -L xil_defaultlib -L secureip --snapshot tb_tlc_behav xil_defaultlib.tb_tlc -log elaborate.log"
Vivado Simulator 2020.2
Copyright 1986-1999, 2001-2020 Xilinx, Inc. All Rights Reserved.
Running: C:/appz/Xilinx/Vivado/2020.2/bin/unwrapped/win64.o/xelab.exe -wto 72956dd3de514373b7221da7d3e85870 --incr --debug typical --relax --mt 2 -L xil_defaultlib -L secureip --snapshot tb_tlc_behav xil_defaultlib.tb_tlc -log elaborate.log 
Using 2 slave threads.
Starting static elaboration
Completed static elaboration
INFO: [XSIM 43-4323] No Change in HDL. Linking previously generated obj files to create kernel
INFO: [USF-XSim-69] 'elaborate' step finished in '2' seconds
Vivado Simulator 2020.2
Time resolution is 1 ps
Note: Stimulus process started
Time: 0 ps  Iteration: 0  Process: /tb_tlc/p_stimulus  File: C:/Users/240173/digital-electronics-1/08-traffic_lights/traffic/traffic.srcs/sim_1/new/tb_tlc.vhd
Note: Stimulus process finished
Time: 0 ps  Iteration: 0  Process: /tb_tlc/p_stimulus  File: C:/Users/240173/digital-electronics-1/08-traffic_lights/traffic/traffic.srcs/sim_1/new/tb_tlc.vhd
relaunch_sim: Time (s): cpu = 00:00:01 ; elapsed = 00:00:05 . Memory (MB): peak = 1357.848 ; gain = 0.000
close [ open C:/Users/240173/digital-electronics-1/08-traffic_lights/traffic/traffic.srcs/sources_1/new/top.vhd w ]
add_files C:/Users/240173/digital-electronics-1/08-traffic_lights/traffic/traffic.srcs/sources_1/new/top.vhd
update_compile_order -fileset sources_1
update_compile_order -fileset sources_1
file mkdir C:/Users/240173/digital-electronics-1/08-traffic_lights/traffic/traffic.srcs/constrs_1
file mkdir C:/Users/240173/digital-electronics-1/08-traffic_lights/traffic/traffic.srcs/constrs_1/new
close [ open C:/Users/240173/digital-electronics-1/08-traffic_lights/traffic/traffic.srcs/constrs_1/new/nexys-a7-50t.xdc w ]
add_files -fileset constrs_1 C:/Users/240173/digital-electronics-1/08-traffic_lights/traffic/traffic.srcs/constrs_1/new/nexys-a7-50t.xdc
launch_runs impl_1 -to_step write_bitstream -jobs 2
[Thu Mar 30 14:04:31 2023] Launched synth_1...
Run output will be captured here: C:/Users/240173/digital-electronics-1/08-traffic_lights/traffic/traffic.runs/synth_1/runme.log
[Thu Mar 30 14:04:31 2023] Launched impl_1...
Run output will be captured here: C:/Users/240173/digital-electronics-1/08-traffic_lights/traffic/traffic.runs/impl_1/runme.log
reset_run synth_1
WARNING: [Vivado 12-1017] Problems encountered:
1. Failed to delete one or more files in run directory C:/Users/240173/digital-electronics-1/08-traffic_lights/traffic/traffic.runs/synth_1

launch_runs impl_1 -to_step write_bitstream -jobs 2
[Thu Mar 30 14:05:07 2023] Launched synth_1...
Run output will be captured here: C:/Users/240173/digital-electronics-1/08-traffic_lights/traffic/traffic.runs/synth_1/runme.log
[Thu Mar 30 14:05:07 2023] Launched impl_1...
Run output will be captured here: C:/Users/240173/digital-electronics-1/08-traffic_lights/traffic/traffic.runs/impl_1/runme.log
reset_run synth_1
launch_runs synth_1 -jobs 2
[Thu Mar 30 14:07:02 2023] Launched synth_1...
Run output will be captured here: C:/Users/240173/digital-electronics-1/08-traffic_lights/traffic/traffic.runs/synth_1/runme.log
launch_runs impl_1 -jobs 2
[Thu Mar 30 14:07:44 2023] Launched impl_1...
Run output will be captured here: C:/Users/240173/digital-electronics-1/08-traffic_lights/traffic/traffic.runs/impl_1/runme.log
launch_runs impl_1 -to_step write_bitstream -jobs 2
[Thu Mar 30 14:08:48 2023] Launched impl_1...
Run output will be captured here: C:/Users/240173/digital-electronics-1/08-traffic_lights/traffic/traffic.runs/impl_1/runme.log
reset_run synth_1
launch_runs impl_1 -to_step write_bitstream -jobs 2
[Thu Mar 30 14:10:07 2023] Launched synth_1...
Run output will be captured here: C:/Users/240173/digital-electronics-1/08-traffic_lights/traffic/traffic.runs/synth_1/runme.log
[Thu Mar 30 14:10:07 2023] Launched impl_1...
Run output will be captured here: C:/Users/240173/digital-electronics-1/08-traffic_lights/traffic/traffic.runs/impl_1/runme.log
open_hw_manager
connect_hw_server -allow_non_jtag
INFO: [Labtools 27-2285] Connecting to hw_server url TCP:localhost:3121
INFO: [Labtools 27-2222] Launching hw_server...
INFO: [Labtools 27-2221] Launch Output:

****** Xilinx hw_server v2020.2
  **** Build date : Nov 18 2020 at 10:01:48
    ** Copyright 1986-2020 Xilinx, Inc. All Rights Reserved.


INFO: [Labtools 27-3415] Connecting to cs_server url TCP:localhost:3042
INFO: [Labtools 27-3417] Launching cs_server...
INFO: [Labtools 27-2221] Launch Output:


******** Xilinx cs_server v2020.2
  ****** Build date   : Nov 03 2020-22:02:56
    **** Build number : 2020.2.1604437376
      ** Copyright 2017-2020 Xilinx, Inc. All Rights Reserved.



connect_hw_server: Time (s): cpu = 00:00:00 ; elapsed = 00:00:08 . Memory (MB): peak = 1357.848 ; gain = 0.000
open_hw_target
INFO: [Labtoolstcl 44-466] Opening hw_target localhost:3121/xilinx_tcf/Digilent/210292B40D29A
open_hw_target: Time (s): cpu = 00:00:05 ; elapsed = 00:00:05 . Memory (MB): peak = 2515.664 ; gain = 1157.816
current_hw_device [get_hw_devices xc7a50t_0]
refresh_hw_device -update_hw_probes false [lindex [get_hw_devices xc7a50t_0] 0]
INFO: [Labtools 27-1434] Device xc7a50t (JTAG device index = 0) is programmed with a design that has no supported debug core(s) in it.
set_property PROBES.FILE {} [get_hw_devices xc7a50t_0]
set_property FULL_PROBES.FILE {} [get_hw_devices xc7a50t_0]
set_property PROGRAM.FILE {C:/Users/240173/digital-electronics-1/08-traffic_lights/traffic/traffic.runs/impl_1/top.bit} [get_hw_devices xc7a50t_0]
program_hw_devices [get_hw_devices xc7a50t_0]
INFO: [Labtools 27-3164] End of startup status: HIGH
refresh_hw_device [lindex [get_hw_devices xc7a50t_0] 0]
INFO: [Labtools 27-1434] Device xc7a50t (JTAG device index = 0) is programmed with a design that has no supported debug core(s) in it.
open_run impl_1
INFO: [Device 21-403] Loading part xc7a50ticsg324-1L
Netlist sorting complete. Time (s): cpu = 00:00:00 ; elapsed = 00:00:00.001 . Memory (MB): peak = 2843.055 ; gain = 0.000
INFO: [Netlist 29-17] Analyzing 8 Unisim elements for replacement
INFO: [Netlist 29-28] Unisim Transformation completed in 0 CPU seconds
INFO: [Project 1-479] Netlist was created with Vivado 2020.2
INFO: [Project 1-570] Preparing netlist for logic optimization
INFO: [Timing 38-478] Restoring timing data from binary archive.
INFO: [Timing 38-479] Binary timing data restore complete.
INFO: [Project 1-856] Restoring constraints from binary archive.
INFO: [Project 1-853] Binary constraint restore complete.
Reading XDEF placement.
Reading placer database...
Reading XDEF routing.
Read XDEF File: Time (s): cpu = 00:00:00 ; elapsed = 00:00:00.035 . Memory (MB): peak = 3499.309 ; gain = 0.000
Restored from archive | CPU: 0.000000 secs | Memory: 0.000000 MB |
Finished XDEF File Restore: Time (s): cpu = 00:00:00 ; elapsed = 00:00:00.035 . Memory (MB): peak = 3499.309 ; gain = 0.000
Netlist sorting complete. Time (s): cpu = 00:00:00 ; elapsed = 00:00:00 . Memory (MB): peak = 3499.309 ; gain = 0.000
INFO: [Project 1-111] Unisim Transformation Summary:
No Unisim elements were transformed.

open_run: Time (s): cpu = 00:00:28 ; elapsed = 00:00:25 . Memory (MB): peak = 3607.102 ; gain = 1049.422
reset_run synth_1
launch_runs impl_1 -to_step write_bitstream -jobs 2
[Thu Mar 30 14:35:36 2023] Launched synth_1...
Run output will be captured here: C:/Users/240173/digital-electronics-1/08-traffic_lights/traffic/traffic.runs/synth_1/runme.log
[Thu Mar 30 14:35:36 2023] Launched impl_1...
Run output will be captured here: C:/Users/240173/digital-electronics-1/08-traffic_lights/traffic/traffic.runs/impl_1/runme.log
set_property PROBES.FILE {} [get_hw_devices xc7a50t_0]
set_property FULL_PROBES.FILE {} [get_hw_devices xc7a50t_0]
set_property PROGRAM.FILE {C:/Users/240173/digital-electronics-1/08-traffic_lights/traffic/traffic.runs/impl_1/top.bit} [get_hw_devices xc7a50t_0]
program_hw_devices [get_hw_devices xc7a50t_0]
INFO: [Labtools 27-3164] End of startup status: HIGH
refresh_hw_device [lindex [get_hw_devices xc7a50t_0] 0]
INFO: [Labtools 27-1434] Device xc7a50t (JTAG device index = 0) is programmed with a design that has no supported debug core(s) in it.
update_compile_order -fileset sources_1
close_sim
INFO: [Simtcl 6-16] Simulation closed
exit
INFO: [Common 17-206] Exiting Vivado at Thu Mar 30 14:41:23 2023...
