#-----------------------------------------------------------
# Vivado v2020.3 (64-bit)
# SW Build 3173277 on Wed Apr  7 05:07:49 MDT 2021
# IP Build 3174024 on Wed Apr  7 23:42:35 MDT 2021
# Start of session at: Wed Mar 15 23:07:59 2023
# Process ID: 12872
# Current directory: C:/Users/vojte/digital-electronics-1/05-ffs/flip_flops
# Command line: vivado.exe -gui_launcher_event rodinguilauncherevent11288 C:\Users\vojte\digital-electronics-1\05-ffs\flip_flops\flip_flops.xpr
# Log file: C:/Users/vojte/digital-electronics-1/05-ffs/flip_flops/vivado.log
# Journal file: C:/Users/vojte/digital-electronics-1/05-ffs/flip_flops\vivado.jou
#-----------------------------------------------------------
start_gui
open_project C:/Users/vojte/digital-electronics-1/05-ffs/flip_flops/flip_flops.xpr
Scanning sources...
Finished scanning sources
INFO: [IP_Flow 19-234] Refreshing IP repositories
INFO: [IP_Flow 19-1704] No user IP repositories specified
INFO: [IP_Flow 19-2313] Loaded Vivado IP repository 'D:/Xilinx/Vivado/2020.3/data/ip'.
open_project: Time (s): cpu = 00:00:12 ; elapsed = 00:00:13 . Memory (MB): peak = 1085.887 ; gain = 0.000
update_compile_order -fileset sources_1
open_bd_design {C:/Users/vojte/digital-electronics-1/05-ffs/flip_flops/flip_flops.srcs/sources_1/bd/design_1/design_1.bd}
Reading block design file <C:/Users/vojte/digital-electronics-1/05-ffs/flip_flops/flip_flops.srcs/sources_1/bd/design_1/design_1.bd>...
Successfully read diagram <design_1> from block design file <C:/Users/vojte/digital-electronics-1/05-ffs/flip_flops/flip_flops.srcs/sources_1/bd/design_1/design_1.bd>
open_bd_design: Time (s): cpu = 00:00:06 ; elapsed = 00:00:07 . Memory (MB): peak = 1085.887 ; gain = 0.000
exit
INFO: [Common 17-206] Exiting Vivado at Wed Mar 15 23:23:05 2023...
