#-----------------------------------------------------------
# Vivado v2020.3 (64-bit)
# SW Build 3173277 on Wed Apr  7 05:07:49 MDT 2021
# IP Build 3174024 on Wed Apr  7 23:42:35 MDT 2021
# Start of session at: Sat Mar 25 15:29:14 2023
# Process ID: 3020
# Current directory: C:/Users/vojte/digital-electronics-1/07-display_driver/display_driver
# Command line: vivado.exe -gui_launcher_event rodinguilauncherevent3104 C:\Users\vojte\digital-electronics-1\07-display_driver\display_driver\display_driver.xpr
# Log file: C:/Users/vojte/digital-electronics-1/07-display_driver/display_driver/vivado.log
# Journal file: C:/Users/vojte/digital-electronics-1/07-display_driver/display_driver\vivado.jou
#-----------------------------------------------------------
start_gui
open_project C:/Users/vojte/digital-electronics-1/07-display_driver/display_driver/display_driver.xpr
WARNING: [filemgmt 56-3] Default IP Output Path : Could not find the directory 'C:/Users/vojte/digital-electronics-1/07-display_driver/display_driver/display_driver.gen/sources_1'.
Scanning sources...
Finished scanning sources
INFO: [IP_Flow 19-234] Refreshing IP repositories
INFO: [IP_Flow 19-1704] No user IP repositories specified
INFO: [IP_Flow 19-2313] Loaded Vivado IP repository 'D:/Xilinx/Vivado/2020.3/data/ip'.
open_project: Time (s): cpu = 00:00:11 ; elapsed = 00:00:07 . Memory (MB): peak = 1313.734 ; gain = 0.000
exit
INFO: [Common 17-206] Exiting Vivado at Sat Mar 25 15:32:34 2023...
