#-----------------------------------------------------------
# Vivado v2020.3 (64-bit)
# SW Build 3173277 on Wed Apr  7 05:07:49 MDT 2021
# IP Build 3174024 on Wed Apr  7 23:42:35 MDT 2021
# Start of session at: Sat Mar 25 13:37:10 2023
# Process ID: 16044
# Current directory: C:/Users/vojte/digital-electronics-1/07-display_driver/display_driver
# Command line: vivado.exe -gui_launcher_event rodinguilauncherevent12736 C:\Users\vojte\digital-electronics-1\07-display_driver\display_driver\display_driver.xpr
# Log file: C:/Users/vojte/digital-electronics-1/07-display_driver/display_driver/vivado.log
# Journal file: C:/Users/vojte/digital-electronics-1/07-display_driver/display_driver\vivado.jou
#-----------------------------------------------------------
start_gui
open_project -part xcvc1802-viva1596-1LHP-i-L C:/Users/vojte/digital-electronics-1/07-display_driver/display_driver/display_driver.xpr
INFO: [Project 1-313] Project file moved from 'C:/Users/240173/digital-electronics-1/07-display_driver/display_driver' since last save.
INFO: [Project 1-563] Overriding project part, 'xc7a50ticsg324-1L', with new part: 'xcvc1802-viva1596-1LHP-i-L'.
WARNING: [filemgmt 56-2] Default IP Output Path : Could not find the directory 'C:/Users/vojte/digital-electronics-1/07-display_driver/display_driver/display_driver.gen/sources_1', nor could it be found using path 'C:/Users/240173/digital-electronics-1/07-display_driver/display_driver/display_driver.gen/sources_1'.
Scanning sources...
Finished scanning sources
INFO: [Project 1-573] Overriding 'synth_1' run's part, 'xc7a50ticsg324-1L', with new part: 'xcvc1802-viva1596-1LHP-i-L'.
INFO: [Project 1-573] Overriding 'impl_1' run's part, 'xc7a50ticsg324-1L', with new part: 'xcvc1802-viva1596-1LHP-i-L'.
CRITICAL WARNING: [Board 49-67] The board_part definition was not found for digilentinc.com:nexys-a7-50t:part0:1.2. This can happen sometimes when you use custom board part. You can resolve this issue by setting 'board.repoPaths' parameter, pointing to the location of custom board files. Valid board_part values can be retrieved with the 'get_board_parts' Tcl command.
INFO: [IP_Flow 19-234] Refreshing IP repositories
INFO: [IP_Flow 19-1704] No user IP repositories specified
INFO: [IP_Flow 19-2313] Loaded Vivado IP repository 'D:/Xilinx/Vivado/2020.3/data/ip'.
open_project: Time (s): cpu = 00:00:14 ; elapsed = 00:00:12 . Memory (MB): peak = 1086.082 ; gain = 0.000
set_property top top [current_fileset]
synth_design -rtl -rtl_skip_mlo -name rtl_1
Command: synth_design -rtl -rtl_skip_mlo -name rtl_1
Starting synth_design
Using part: xcvc1802-viva1596-1LHP-i-L
Top: top
INFO: [Device 21-403] Loading part xcvc1802-viva1596-1LHP-i-L
WARNING: [Device 21-713] Unknown Tile Type, SLL, given for group, SLL
load Versal unisim library
load Versal unisim library
---------------------------------------------------------------------------------
Starting RTL Elaboration : Time (s): cpu = 00:00:04 ; elapsed = 00:00:08 . Memory (MB): peak = 1951.168 ; gain = 253.188
---------------------------------------------------------------------------------
INFO: [Synth 8-638] synthesizing module 'top' [C:/Users/vojte/digital-electronics-1/07-display_driver/display_driver/display_driver.srcs/sources_1/new/top.vhd:49]
INFO: [Synth 8-638] synthesizing module 'driver_7seg_4digits' [C:/Users/vojte/digital-electronics-1/07-display_driver/display_driver/display_driver.srcs/sources_1/new/driver_7seg_4digits.vhd:66]
INFO: [Synth 8-638] synthesizing module 'clock_enable' [C:/Users/vojte/digital-electronics-1/07-display_driver/display_driver/display_driver.srcs/sources_1/new/clock_enable.vhd:41]
	Parameter g_MAX bound to: 400000 - type: integer 
INFO: [Synth 8-256] done synthesizing module 'clock_enable' (1#1) [C:/Users/vojte/digital-electronics-1/07-display_driver/display_driver/display_driver.srcs/sources_1/new/clock_enable.vhd:41]
INFO: [Synth 8-638] synthesizing module 'cnt_up_down' [C:/Users/vojte/digital-electronics-1/07-display_driver/display_driver/display_driver.srcs/sources_1/new/cnt_up_down.vhd:44]
	Parameter g_CNT_WIDTH bound to: 2 - type: integer 
INFO: [Synth 8-256] done synthesizing module 'cnt_up_down' (2#1) [C:/Users/vojte/digital-electronics-1/07-display_driver/display_driver/display_driver.srcs/sources_1/new/cnt_up_down.vhd:44]
INFO: [Synth 8-638] synthesizing module 'hex_7seg' [C:/Users/vojte/digital-electronics-1/07-display_driver/display_driver/display_driver.srcs/sources_1/new/hex_7seg.vhd:40]
INFO: [Synth 8-256] done synthesizing module 'hex_7seg' (3#1) [C:/Users/vojte/digital-electronics-1/07-display_driver/display_driver/display_driver.srcs/sources_1/new/hex_7seg.vhd:40]
INFO: [Synth 8-256] done synthesizing module 'driver_7seg_4digits' (4#1) [C:/Users/vojte/digital-electronics-1/07-display_driver/display_driver/display_driver.srcs/sources_1/new/driver_7seg_4digits.vhd:66]
INFO: [Synth 8-256] done synthesizing module 'top' (5#1) [C:/Users/vojte/digital-electronics-1/07-display_driver/display_driver/display_driver.srcs/sources_1/new/top.vhd:49]
---------------------------------------------------------------------------------
Finished RTL Elaboration : Time (s): cpu = 00:00:05 ; elapsed = 00:00:10 . Memory (MB): peak = 1999.148 ; gain = 301.168
---------------------------------------------------------------------------------
---------------------------------------------------------------------------------
Start Handling Custom Attributes
---------------------------------------------------------------------------------
---------------------------------------------------------------------------------
Finished Handling Custom Attributes : Time (s): cpu = 00:00:05 ; elapsed = 00:00:11 . Memory (MB): peak = 2017.016 ; gain = 319.035
---------------------------------------------------------------------------------
---------------------------------------------------------------------------------
Finished RTL Optimization Phase 1 : Time (s): cpu = 00:00:05 ; elapsed = 00:00:11 . Memory (MB): peak = 2017.016 ; gain = 319.035
---------------------------------------------------------------------------------
Netlist sorting complete. Time (s): cpu = 00:00:00 ; elapsed = 00:00:00.003 . Memory (MB): peak = 2017.016 ; gain = 0.000
INFO: [Constraints 18-5718] GCLK Deskew mode is set to Off via param.
INFO: [Project 1-570] Preparing netlist for logic optimization

Processing XDC Constraints
Initializing timing engine
Parsing XDC File [C:/Users/vojte/digital-electronics-1/07-display_driver/display_driver/display_driver.srcs/constrs_1/nexys-a7-50t.xdc]
CRITICAL WARNING: [Common 17-69] Command failed: 'E3' is not a valid site or package pin name. [C:/Users/vojte/digital-electronics-1/07-display_driver/display_driver/display_driver.srcs/constrs_1/nexys-a7-50t.xdc:7]
create_clock: Time (s): cpu = 00:00:04 ; elapsed = 00:00:05 . Memory (MB): peak = 2245.613 ; gain = 18.582
CRITICAL WARNING: [Common 17-69] Command failed: 'J15' is not a valid site or package pin name. [C:/Users/vojte/digital-electronics-1/07-display_driver/display_driver/display_driver.srcs/constrs_1/nexys-a7-50t.xdc:12]
CRITICAL WARNING: [Common 17-69] Command failed: 'L16' is not a valid site or package pin name. [C:/Users/vojte/digital-electronics-1/07-display_driver/display_driver/display_driver.srcs/constrs_1/nexys-a7-50t.xdc:13]
CRITICAL WARNING: [Common 17-69] Command failed: 'M13' is not a valid site or package pin name. [C:/Users/vojte/digital-electronics-1/07-display_driver/display_driver/display_driver.srcs/constrs_1/nexys-a7-50t.xdc:14]
CRITICAL WARNING: [Common 17-69] Command failed: 'R15' is not a valid site or package pin name. [C:/Users/vojte/digital-electronics-1/07-display_driver/display_driver/display_driver.srcs/constrs_1/nexys-a7-50t.xdc:15]
CRITICAL WARNING: [Common 17-69] Command failed: 'R17' is not a valid site or package pin name. [C:/Users/vojte/digital-electronics-1/07-display_driver/display_driver/display_driver.srcs/constrs_1/nexys-a7-50t.xdc:16]
CRITICAL WARNING: [Common 17-69] Command failed: 'T18' is not a valid site or package pin name. [C:/Users/vojte/digital-electronics-1/07-display_driver/display_driver/display_driver.srcs/constrs_1/nexys-a7-50t.xdc:17]
CRITICAL WARNING: [Common 17-69] Command failed: 'U18' is not a valid site or package pin name. [C:/Users/vojte/digital-electronics-1/07-display_driver/display_driver/display_driver.srcs/constrs_1/nexys-a7-50t.xdc:18]
CRITICAL WARNING: [Common 17-69] Command failed: 'R13' is not a valid site or package pin name. [C:/Users/vojte/digital-electronics-1/07-display_driver/display_driver/display_driver.srcs/constrs_1/nexys-a7-50t.xdc:19]
CRITICAL WARNING: [Common 17-69] Command failed: 'T8' is not a valid site or package pin name. [C:/Users/vojte/digital-electronics-1/07-display_driver/display_driver/display_driver.srcs/constrs_1/nexys-a7-50t.xdc:20]
CRITICAL WARNING: [Common 17-69] Command failed: 'U8' is not a valid site or package pin name. [C:/Users/vojte/digital-electronics-1/07-display_driver/display_driver/display_driver.srcs/constrs_1/nexys-a7-50t.xdc:21]
CRITICAL WARNING: [Common 17-69] Command failed: 'R16' is not a valid site or package pin name. [C:/Users/vojte/digital-electronics-1/07-display_driver/display_driver/display_driver.srcs/constrs_1/nexys-a7-50t.xdc:22]
CRITICAL WARNING: [Common 17-69] Command failed: 'T13' is not a valid site or package pin name. [C:/Users/vojte/digital-electronics-1/07-display_driver/display_driver/display_driver.srcs/constrs_1/nexys-a7-50t.xdc:23]
CRITICAL WARNING: [Common 17-69] Command failed: 'H6' is not a valid site or package pin name. [C:/Users/vojte/digital-electronics-1/07-display_driver/display_driver/display_driver.srcs/constrs_1/nexys-a7-50t.xdc:24]
CRITICAL WARNING: [Common 17-69] Command failed: 'U12' is not a valid site or package pin name. [C:/Users/vojte/digital-electronics-1/07-display_driver/display_driver/display_driver.srcs/constrs_1/nexys-a7-50t.xdc:25]
CRITICAL WARNING: [Common 17-69] Command failed: 'U11' is not a valid site or package pin name. [C:/Users/vojte/digital-electronics-1/07-display_driver/display_driver/display_driver.srcs/constrs_1/nexys-a7-50t.xdc:26]
CRITICAL WARNING: [Common 17-69] Command failed: 'V10' is not a valid site or package pin name. [C:/Users/vojte/digital-electronics-1/07-display_driver/display_driver/display_driver.srcs/constrs_1/nexys-a7-50t.xdc:27]
CRITICAL WARNING: [Common 17-69] Command failed: 'T10' is not a valid site or package pin name. [C:/Users/vojte/digital-electronics-1/07-display_driver/display_driver/display_driver.srcs/constrs_1/nexys-a7-50t.xdc:56]
CRITICAL WARNING: [Common 17-69] Command failed: 'R10' is not a valid site or package pin name. [C:/Users/vojte/digital-electronics-1/07-display_driver/display_driver/display_driver.srcs/constrs_1/nexys-a7-50t.xdc:57]
CRITICAL WARNING: [Common 17-69] Command failed: 'K16' is not a valid site or package pin name. [C:/Users/vojte/digital-electronics-1/07-display_driver/display_driver/display_driver.srcs/constrs_1/nexys-a7-50t.xdc:58]
CRITICAL WARNING: [Common 17-69] Command failed: 'K13' is not a valid site or package pin name. [C:/Users/vojte/digital-electronics-1/07-display_driver/display_driver/display_driver.srcs/constrs_1/nexys-a7-50t.xdc:59]
CRITICAL WARNING: [Common 17-69] Command failed: 'P15' is not a valid site or package pin name. [C:/Users/vojte/digital-electronics-1/07-display_driver/display_driver/display_driver.srcs/constrs_1/nexys-a7-50t.xdc:60]
CRITICAL WARNING: [Common 17-69] Command failed: 'T11' is not a valid site or package pin name. [C:/Users/vojte/digital-electronics-1/07-display_driver/display_driver/display_driver.srcs/constrs_1/nexys-a7-50t.xdc:61]
CRITICAL WARNING: [Common 17-69] Command failed: 'L18' is not a valid site or package pin name. [C:/Users/vojte/digital-electronics-1/07-display_driver/display_driver/display_driver.srcs/constrs_1/nexys-a7-50t.xdc:62]
CRITICAL WARNING: [Common 17-69] Command failed: 'H15' is not a valid site or package pin name. [C:/Users/vojte/digital-electronics-1/07-display_driver/display_driver/display_driver.srcs/constrs_1/nexys-a7-50t.xdc:63]
CRITICAL WARNING: [Common 17-69] Command failed: 'J17' is not a valid site or package pin name. [C:/Users/vojte/digital-electronics-1/07-display_driver/display_driver/display_driver.srcs/constrs_1/nexys-a7-50t.xdc:64]
CRITICAL WARNING: [Common 17-69] Command failed: 'J18' is not a valid site or package pin name. [C:/Users/vojte/digital-electronics-1/07-display_driver/display_driver/display_driver.srcs/constrs_1/nexys-a7-50t.xdc:65]
CRITICAL WARNING: [Common 17-69] Command failed: 'T9' is not a valid site or package pin name. [C:/Users/vojte/digital-electronics-1/07-display_driver/display_driver/display_driver.srcs/constrs_1/nexys-a7-50t.xdc:66]
CRITICAL WARNING: [Common 17-69] Command failed: 'J14' is not a valid site or package pin name. [C:/Users/vojte/digital-electronics-1/07-display_driver/display_driver/display_driver.srcs/constrs_1/nexys-a7-50t.xdc:67]
CRITICAL WARNING: [Common 17-69] Command failed: 'P14' is not a valid site or package pin name. [C:/Users/vojte/digital-electronics-1/07-display_driver/display_driver/display_driver.srcs/constrs_1/nexys-a7-50t.xdc:68]
CRITICAL WARNING: [Common 17-69] Command failed: 'T14' is not a valid site or package pin name. [C:/Users/vojte/digital-electronics-1/07-display_driver/display_driver/display_driver.srcs/constrs_1/nexys-a7-50t.xdc:69]
CRITICAL WARNING: [Common 17-69] Command failed: 'K2' is not a valid site or package pin name. [C:/Users/vojte/digital-electronics-1/07-display_driver/display_driver/display_driver.srcs/constrs_1/nexys-a7-50t.xdc:70]
CRITICAL WARNING: [Common 17-69] Command failed: 'U13' is not a valid site or package pin name. [C:/Users/vojte/digital-electronics-1/07-display_driver/display_driver/display_driver.srcs/constrs_1/nexys-a7-50t.xdc:71]
CRITICAL WARNING: [Common 17-69] Command failed: 'N17' is not a valid site or package pin name. [C:/Users/vojte/digital-electronics-1/07-display_driver/display_driver/display_driver.srcs/constrs_1/nexys-a7-50t.xdc:77]
Finished Parsing XDC File [C:/Users/vojte/digital-electronics-1/07-display_driver/display_driver/display_driver.srcs/constrs_1/nexys-a7-50t.xdc]
Completed Processing XDC Constraints

Netlist sorting complete. Time (s): cpu = 00:00:00 ; elapsed = 00:00:00.001 . Memory (MB): peak = 2245.613 ; gain = 0.000
INFO: [Project 1-111] Unisim Transformation Summary:
No Unisim elements were transformed.

RTL Elaboration Complete:  : Time (s): cpu = 00:00:37 ; elapsed = 00:00:36 . Memory (MB): peak = 3396.223 ; gain = 1698.242
14 Infos, 1 Warnings, 34 Critical Warnings and 0 Errors encountered.
synth_design completed successfully
synth_design: Time (s): cpu = 00:00:52 ; elapsed = 00:01:18 . Memory (MB): peak = 3415.797 ; gain = 2329.715
reset_run synth_1
launch_runs impl_1 -jobs 4
[Sat Mar 25 15:22:05 2023] Launched synth_1...
Run output will be captured here: C:/Users/vojte/digital-electronics-1/07-display_driver/display_driver/display_driver.runs/synth_1/runme.log
[Sat Mar 25 15:22:05 2023] Launched impl_1...
Run output will be captured here: C:/Users/vojte/digital-electronics-1/07-display_driver/display_driver/display_driver.runs/impl_1/runme.log
reset_run synth_1
launch_runs impl_1 -jobs 4
[Sat Mar 25 15:23:28 2023] Launched synth_1...
Run output will be captured here: C:/Users/vojte/digital-electronics-1/07-display_driver/display_driver/display_driver.runs/synth_1/runme.log
[Sat Mar 25 15:23:29 2023] Launched impl_1...
Run output will be captured here: C:/Users/vojte/digital-electronics-1/07-display_driver/display_driver/display_driver.runs/impl_1/runme.log
exit
INFO: [Common 17-206] Exiting Vivado at Sat Mar 25 15:25:18 2023...
